<?xml version="1.0" encoding="UTF-8"?>
<testsuite xmlns:xsi="http://www.w3.org/2001/XMLSchema-instance" xsi:noNamespaceSchemaLocation="https://maven.apache.org/surefire/maven-surefire-plugin/xsd/surefire-test-report.xsd" name="com.hq.TestBeanBinding" time="2.813" tests="4" errors="0" skipped="0" failures="0">
  <properties>
[...]
</properties>
  <testcase name="testImportResource" classname="com.hq.TestBeanBinding" time="0.335"/>
  <testcase name="testPlaceholder" classname="com.hq.TestBeanBinding" time="0.016"/>
  <testcase name="testConfigurationProperties" classname="com.hq.TestBeanBinding" time="0.029"/>
  <testcase name="testPropertySource" classname="com.hq.TestBeanBinding" time="0.004"/>
</testsuite>